f:\git\mattmeshvisualizer\mattmeshvisualizer\x64\debug\vc143.pdb
f:\git\mattmeshvisualizer\mattmeshvisualizer\x64\debug\vc143.idb
f:\git\mattmeshvisualizer\mattmeshvisualizer\x64\debug\vbo.obj
f:\git\mattmeshvisualizer\mattmeshvisualizer\x64\debug\vao.obj
f:\git\mattmeshvisualizer\mattmeshvisualizer\x64\debug\texture.obj
f:\git\mattmeshvisualizer\mattmeshvisualizer\x64\debug\stb.obj
f:\git\mattmeshvisualizer\mattmeshvisualizer\x64\debug\shaderclass.obj
f:\git\mattmeshvisualizer\mattmeshvisualizer\x64\debug\model.obj
f:\git\mattmeshvisualizer\mattmeshvisualizer\x64\debug\mesh.obj
f:\git\mattmeshvisualizer\mattmeshvisualizer\x64\debug\main.obj
f:\git\mattmeshvisualizer\mattmeshvisualizer\x64\debug\imgui_widgets.obj
f:\git\mattmeshvisualizer\mattmeshvisualizer\x64\debug\imgui_tables.obj
f:\git\mattmeshvisualizer\mattmeshvisualizer\x64\debug\imgui_impl_opengl3.obj
f:\git\mattmeshvisualizer\mattmeshvisualizer\x64\debug\imgui_impl_glfw.obj
f:\git\mattmeshvisualizer\mattmeshvisualizer\x64\debug\imgui_draw.obj
f:\git\mattmeshvisualizer\mattmeshvisualizer\x64\debug\imgui_demo.obj
f:\git\mattmeshvisualizer\mattmeshvisualizer\x64\debug\imgui.obj
f:\git\mattmeshvisualizer\mattmeshvisualizer\x64\debug\ebo.obj
f:\git\mattmeshvisualizer\mattmeshvisualizer\x64\debug\camera.obj
f:\git\mattmeshvisualizer\mattmeshvisualizer\x64\debug\glad.obj
f:\git\mattmeshvisualizer\debug\mattmeshvisualizer.exe
f:\git\mattmeshvisualizer\debug\mattmeshvisualizer.pdb
f:\git\mattmeshvisualizer\mattmeshvisualizer\x64\debug\mattmeshvisualizer.ilk
f:\git\mattmeshvisualizer\mattmeshvisualizer\x64\debug\mattmesh.be02b239.tlog\cl.command.1.tlog
f:\git\mattmeshvisualizer\mattmeshvisualizer\x64\debug\mattmesh.be02b239.tlog\cl.items.tlog
f:\git\mattmeshvisualizer\mattmeshvisualizer\x64\debug\mattmesh.be02b239.tlog\cl.read.1.tlog
f:\git\mattmeshvisualizer\mattmeshvisualizer\x64\debug\mattmesh.be02b239.tlog\cl.write.1.tlog
f:\git\mattmeshvisualizer\mattmeshvisualizer\x64\debug\mattmesh.be02b239.tlog\link.command.1.tlog
f:\git\mattmeshvisualizer\mattmeshvisualizer\x64\debug\mattmesh.be02b239.tlog\link.read.1.tlog
f:\git\mattmeshvisualizer\mattmeshvisualizer\x64\debug\mattmesh.be02b239.tlog\link.secondary.1.tlog
f:\git\mattmeshvisualizer\mattmeshvisualizer\x64\debug\mattmesh.be02b239.tlog\link.write.1.tlog
