  Main.cpp
F:\VisualStudio\VC\Tools\MSVC\14.42.34433\include\filesystem(12): warning STL4038: The contents of <filesystem> are available only with C++17 or later.
F:\git\MattMeshVisualizer\MattMeshVisualizer\Main.cpp(3,21): error C2039: 'filesystem' n'est pas membre de 'std'
      F:\git\MattMeshVisualizer\MattMeshVisualizer\predefined C++ types (compiler internal)(357,11):
      voir la déclaration de 'std'
  
F:\git\MattMeshVisualizer\MattMeshVisualizer\Main.cpp(3,21): error C2878: 'filesystem' : espace de noms ou nom de classe inexistant
F:\git\MattMeshVisualizer\MattMeshVisualizer\Main.cpp(190,27): error C2653: 'fs' : n'est pas un nom de classe ni d'espace de noms
F:\git\MattMeshVisualizer\MattMeshVisualizer\Main.cpp(190,31): error C3861: 'current_path' : identificateur introuvable
F:\git\MattMeshVisualizer\MattMeshVisualizer\Main.cpp(190,46): error C2653: 'fs' : n'est pas un nom de classe ni d'espace de noms
F:\git\MattMeshVisualizer\MattMeshVisualizer\Main.cpp(207,41): error C3688: suffixe littéral non valide 'sqf'; opérateur littéral ou modèle d'opérateur littéral 'operator ""sqf' introuvable
F:\git\MattMeshVisualizer\MattMeshVisualizer\Main.cpp(207,40): error C2440: '<function-style-cast>' : impossible de convertir de 'initializer list' en 'glm::vec3'
      F:\git\MattMeshVisualizer\MattMeshVisualizer\Main.cpp(207,40):
      'glm::vec<3,float,glm::packed_highp>::vec' : la fonction ne prend pas 2 arguments
          F:\git\MattMeshVisualizer\MattMeshVisualizer\Libraries\include\glm\detail\type_vec3.hpp(151,17):
          est peut-être 'glm::vec<3,float,glm::packed_highp>::vec(const glm::vec<3,U,P> &)'
          F:\git\MattMeshVisualizer\MattMeshVisualizer\Libraries\include\glm\detail\type_vec3.hpp(147,17):
          ou       'glm::vec<3,float,glm::packed_highp>::vec(const glm::vec<4,U,P> &)'
          F:\git\MattMeshVisualizer\MattMeshVisualizer\Libraries\include\glm\detail\type_vec3.hpp(144,17):
          ou       'glm::vec<3,float,glm::packed_highp>::vec(const glm::vec<1,A,P> &,const glm::vec<2,B,P> &)'
          F:\git\MattMeshVisualizer\MattMeshVisualizer\Libraries\include\glm\detail\type_vec3.hpp(141,17):
          ou       'glm::vec<3,float,glm::packed_highp>::vec(A,const glm::vec<2,B,P> &)'
          F:\git\MattMeshVisualizer\MattMeshVisualizer\Libraries\include\glm\detail\type_vec3.hpp(138,17):
          ou       'glm::vec<3,float,glm::packed_highp>::vec(const glm::vec<2,A,P> &,const glm::vec<1,B,P> &)'
          F:\git\MattMeshVisualizer\MattMeshVisualizer\Libraries\include\glm\detail\type_vec3.hpp(135,17):
          ou       'glm::vec<3,float,glm::packed_highp>::vec(const glm::vec<2,A,P> &,B)'
          F:\git\MattMeshVisualizer\MattMeshVisualizer\Libraries\include\glm\detail\type_vec3.hpp(129,17):
          ou       'glm::vec<3,float,glm::packed_highp>::vec(const glm::vec<1,A,glm::packed_highp> &,const glm::vec<1,B,glm::packed_highp> &,const glm::vec<1,Z,glm::packed_highp> &)'
          F:\git\MattMeshVisualizer\MattMeshVisualizer\Libraries\include\glm\detail\type_vec3.hpp(127,17):
          ou       'glm::vec<3,float,glm::packed_highp>::vec(X,const glm::vec<1,B,glm::packed_highp> &,const glm::vec<1,Z,glm::packed_highp> &)'
          F:\git\MattMeshVisualizer\MattMeshVisualizer\Libraries\include\glm\detail\type_vec3.hpp(125,17):
          ou       'glm::vec<3,float,glm::packed_highp>::vec(const glm::vec<1,A,glm::packed_highp> &,Y,const glm::vec<1,Z,glm::packed_highp> &)'
          F:\git\MattMeshVisualizer\MattMeshVisualizer\Libraries\include\glm\detail\type_vec3.hpp(123,17):
          ou       'glm::vec<3,float,glm::packed_highp>::vec(X,Y,const glm::vec<1,Z,glm::packed_highp> &)'
          F:\git\MattMeshVisualizer\MattMeshVisualizer\Libraries\include\glm\detail\type_vec3.hpp(121,17):
          ou       'glm::vec<3,float,glm::packed_highp>::vec(const glm::vec<1,A,glm::packed_highp> &,const glm::vec<1,B,glm::packed_highp> &,Z)'
          F:\git\MattMeshVisualizer\MattMeshVisualizer\Libraries\include\glm\detail\type_vec3.hpp(119,17):
          ou       'glm::vec<3,float,glm::packed_highp>::vec(X,const glm::vec<1,B,glm::packed_highp> &,Z)'
          F:\git\MattMeshVisualizer\MattMeshVisualizer\Libraries\include\glm\detail\type_vec3.hpp(117,17):
          ou       'glm::vec<3,float,glm::packed_highp>::vec(const glm::vec<1,A,glm::packed_highp> &,Y,Z)'
          F:\git\MattMeshVisualizer\MattMeshVisualizer\Libraries\include\glm\detail\type_vec3.hpp(115,17):
          ou       'glm::vec<3,float,glm::packed_highp>::vec(X,Y,Z)'
          F:\git\MattMeshVisualizer\MattMeshVisualizer\Libraries\include\glm\detail\type_vec3.hpp(111,17):
          ou       'glm::vec<3,float,glm::packed_highp>::vec(const glm::vec<1,U,P> &)'
          F:\git\MattMeshVisualizer\MattMeshVisualizer\Libraries\include\glm\detail\type_vec3.hpp(101,17):
          ou       'glm::vec<3,float,glm::packed_highp>::vec(const glm::vec<3,T,P> &)'
          with
          [
              T=float
          ]
          F:\git\MattMeshVisualizer\MattMeshVisualizer\Main.cpp(207,40):
          lors de la tentative de mise en correspondance de la liste des arguments '(float, float)'
  
F:\git\MattMeshVisualizer\MattMeshVisualizer\Main.cpp(207,15): error C2661: 'Camera::Camera' : aucune fonction surchargée ne nécessite 2 arguments
      F:\git\MattMeshVisualizer\MattMeshVisualizer\Main.cpp(207,15):
      lors de la tentative de mise en correspondance de la liste des arguments '(const unsigned int, const unsigned int)'
  
